This is pdfTeX, Version 3.141592653-2.6-1.40.24 (TeX Live 2022) (preloaded format=pdflatex 2022.5.3)  24 MAY 2022 13:34
entering extended mode
 restricted \write18 enabled.
 file:line:error style messages enabled.
 %&-line parsing enabled.
**"Bioinformatics Lab Book.tex"
(./Bioinformatics Lab Book.tex
LaTeX2e <2021-11-15> patch level 1
L3 programming layer <2022-04-29>
(c:/texlive/2022/texmf-dist/tex/latex/base/report.cls
Document Class: report 2021/10/04 v1.4n Standard LaTeX document class
(c:/texlive/2022/texmf-dist/tex/latex/base/size12.clo
File: size12.clo 2021/10/04 v1.4n Standard LaTeX file (size option)
)
\c@part=\count185
\c@chapter=\count186
\c@section=\count187
\c@subsection=\count188
\c@subsubsection=\count189
\c@paragraph=\count190
\c@subparagraph=\count191
\c@figure=\count192
\c@table=\count193
\abovecaptionskip=\skip47
\belowcaptionskip=\skip48
\bibindent=\dimen138
)
(c:/texlive/2022/texmf-dist/tex/latex/url/url.sty
\Urlmuskip=\muskip16
Package: url 2013/09/16  ver 3.4  Verb mode for urls, etc.
)
(c:/texlive/2022/texmf-dist/tex/latex/fancyvrb/fancyvrb.sty
Package: fancyvrb 2022/04/12 4.2 verbatim text (tvz,hv)

(c:/texlive/2022/texmf-dist/tex/latex/graphics/keyval.sty
Package: keyval 2014/10/28 v1.15 key=value parser (DPC)
\KV@toks@=\toks16
)
\FV@CodeLineNo=\count194
\FV@InFile=\read2
\FV@TabBox=\box50
\c@FancyVerbLine=\count195
\FV@StepNumber=\count196
\FV@OutFile=\write3
)
(c:/texlive/2022/texmf-dist/tex/latex/newverbs/newverbs.sty
Package: newverbs 2021/01/06 v1.6 Define new 'verb' commands and short verb. ch
aracters

(c:/texlive/2022/texmf-dist/tex/latex/base/shortvrb.sty
Package: shortvrb 2021/10/04 v2.1n Standard LaTeX documentation package (FMi)
))
(c:/texlive/2022/texmf-dist/tex/latex/xcolor/xcolor.sty
Package: xcolor 2021/10/31 v2.13 LaTeX color extensions (UK)

(c:/texlive/2022/texmf-dist/tex/latex/graphics-cfg/color.cfg
File: color.cfg 2016/01/02 v1.6 sample color configuration
)
Package xcolor Info: Driver file: pdftex.def on input line 227.

(c:/texlive/2022/texmf-dist/tex/latex/graphics-def/pdftex.def
File: pdftex.def 2020/10/05 v1.2a Graphics/color driver for pdftex
)
Package xcolor Info: Model `cmy' substituted by `cmy0' on input line 1352.
Package xcolor Info: Model `hsb' substituted by `rgb' on input line 1356.
Package xcolor Info: Model `RGB' extended on input line 1368.
Package xcolor Info: Model `HTML' substituted by `rgb' on input line 1370.
Package xcolor Info: Model `Hsb' substituted by `hsb' on input line 1371.
Package xcolor Info: Model `tHsb' substituted by `hsb' on input line 1372.
Package xcolor Info: Model `HSB' substituted by `hsb' on input line 1373.
Package xcolor Info: Model `Gray' substituted by `gray' on input line 1374.
Package xcolor Info: Model `wave' substituted by `hsb' on input line 1375.
)
(c:/texlive/2022/texmf-dist/tex/latex/tcolorbox/tcolorbox.sty
Package: tcolorbox 2022/01/07 version 5.0.2 text color boxes

(c:/texlive/2022/texmf-dist/tex/latex/pgf/basiclayer/pgf.sty
(c:/texlive/2022/texmf-dist/tex/latex/pgf/utilities/pgfrcs.sty
(c:/texlive/2022/texmf-dist/tex/generic/pgf/utilities/pgfutil-common.tex
\pgfutil@everybye=\toks17
\pgfutil@tempdima=\dimen139
\pgfutil@tempdimb=\dimen140

(c:/texlive/2022/texmf-dist/tex/generic/pgf/utilities/pgfutil-common-lists.tex)
) (c:/texlive/2022/texmf-dist/tex/generic/pgf/utilities/pgfutil-latex.def
\pgfutil@abb=\box51
)
(c:/texlive/2022/texmf-dist/tex/generic/pgf/utilities/pgfrcs.code.tex
(c:/texlive/2022/texmf-dist/tex/generic/pgf/pgf.revision.tex)
Package: pgfrcs 2021/05/15 v3.1.9a (3.1.9a)
))
Package: pgf 2021/05/15 v3.1.9a (3.1.9a)

(c:/texlive/2022/texmf-dist/tex/latex/pgf/basiclayer/pgfcore.sty
(c:/texlive/2022/texmf-dist/tex/latex/graphics/graphicx.sty
Package: graphicx 2021/09/16 v1.2d Enhanced LaTeX Graphics (DPC,SPQR)

(c:/texlive/2022/texmf-dist/tex/latex/graphics/graphics.sty
Package: graphics 2021/03/04 v1.4d Standard LaTeX Graphics (DPC,SPQR)

(c:/texlive/2022/texmf-dist/tex/latex/graphics/trig.sty
Package: trig 2021/08/11 v1.11 sin cos tan (DPC)
)
(c:/texlive/2022/texmf-dist/tex/latex/graphics-cfg/graphics.cfg
File: graphics.cfg 2016/06/04 v1.11 sample graphics configuration
)
Package graphics Info: Driver file: pdftex.def on input line 107.
)
\Gin@req@height=\dimen141
\Gin@req@width=\dimen142
)
(c:/texlive/2022/texmf-dist/tex/latex/pgf/systemlayer/pgfsys.sty
(c:/texlive/2022/texmf-dist/tex/generic/pgf/systemlayer/pgfsys.code.tex
Package: pgfsys 2021/05/15 v3.1.9a (3.1.9a)

(c:/texlive/2022/texmf-dist/tex/generic/pgf/utilities/pgfkeys.code.tex
\pgfkeys@pathtoks=\toks18
\pgfkeys@temptoks=\toks19

(c:/texlive/2022/texmf-dist/tex/generic/pgf/utilities/pgfkeysfiltered.code.tex
\pgfkeys@tmptoks=\toks20
))
\pgf@x=\dimen143
\pgf@y=\dimen144
\pgf@xa=\dimen145
\pgf@ya=\dimen146
\pgf@xb=\dimen147
\pgf@yb=\dimen148
\pgf@xc=\dimen149
\pgf@yc=\dimen150
\pgf@xd=\dimen151
\pgf@yd=\dimen152
\w@pgf@writea=\write4
\r@pgf@reada=\read3
\c@pgf@counta=\count197
\c@pgf@countb=\count198
\c@pgf@countc=\count199
\c@pgf@countd=\count266
\t@pgf@toka=\toks21
\t@pgf@tokb=\toks22
\t@pgf@tokc=\toks23
\pgf@sys@id@count=\count267
 (c:/texlive/2022/texmf-dist/tex/generic/pgf/systemlayer/pgf.cfg
File: pgf.cfg 2021/05/15 v3.1.9a (3.1.9a)
)
Driver file for pgf: pgfsys-pdftex.def

(c:/texlive/2022/texmf-dist/tex/generic/pgf/systemlayer/pgfsys-pdftex.def
File: pgfsys-pdftex.def 2021/05/15 v3.1.9a (3.1.9a)

(c:/texlive/2022/texmf-dist/tex/generic/pgf/systemlayer/pgfsys-common-pdf.def
File: pgfsys-common-pdf.def 2021/05/15 v3.1.9a (3.1.9a)
)))
(c:/texlive/2022/texmf-dist/tex/generic/pgf/systemlayer/pgfsyssoftpath.code.tex
File: pgfsyssoftpath.code.tex 2021/05/15 v3.1.9a (3.1.9a)
\pgfsyssoftpath@smallbuffer@items=\count268
\pgfsyssoftpath@bigbuffer@items=\count269
)
(c:/texlive/2022/texmf-dist/tex/generic/pgf/systemlayer/pgfsysprotocol.code.tex
File: pgfsysprotocol.code.tex 2021/05/15 v3.1.9a (3.1.9a)
)) (c:/texlive/2022/texmf-dist/tex/generic/pgf/basiclayer/pgfcore.code.tex
Package: pgfcore 2021/05/15 v3.1.9a (3.1.9a)

(c:/texlive/2022/texmf-dist/tex/generic/pgf/math/pgfmath.code.tex
(c:/texlive/2022/texmf-dist/tex/generic/pgf/math/pgfmathcalc.code.tex
(c:/texlive/2022/texmf-dist/tex/generic/pgf/math/pgfmathutil.code.tex)
(c:/texlive/2022/texmf-dist/tex/generic/pgf/math/pgfmathparser.code.tex
\pgfmath@dimen=\dimen153
\pgfmath@count=\count270
\pgfmath@box=\box52
\pgfmath@toks=\toks24
\pgfmath@stack@operand=\toks25
\pgfmath@stack@operation=\toks26
)
(c:/texlive/2022/texmf-dist/tex/generic/pgf/math/pgfmathfunctions.code.tex
(c:/texlive/2022/texmf-dist/tex/generic/pgf/math/pgfmathfunctions.basic.code.te
x)
(c:/texlive/2022/texmf-dist/tex/generic/pgf/math/pgfmathfunctions.trigonometric
.code.tex)
(c:/texlive/2022/texmf-dist/tex/generic/pgf/math/pgfmathfunctions.random.code.t
ex)
(c:/texlive/2022/texmf-dist/tex/generic/pgf/math/pgfmathfunctions.comparison.co
de.tex)
(c:/texlive/2022/texmf-dist/tex/generic/pgf/math/pgfmathfunctions.base.code.tex
)
(c:/texlive/2022/texmf-dist/tex/generic/pgf/math/pgfmathfunctions.round.code.te
x)
(c:/texlive/2022/texmf-dist/tex/generic/pgf/math/pgfmathfunctions.misc.code.tex
)
(c:/texlive/2022/texmf-dist/tex/generic/pgf/math/pgfmathfunctions.integerarithm
etics.code.tex)))
(c:/texlive/2022/texmf-dist/tex/generic/pgf/math/pgfmathfloat.code.tex
\c@pgfmathroundto@lastzeros=\count271
))
(c:/texlive/2022/texmf-dist/tex/generic/pgf/math/pgfint.code.tex)
(c:/texlive/2022/texmf-dist/tex/generic/pgf/basiclayer/pgfcorepoints.code.tex
File: pgfcorepoints.code.tex 2021/05/15 v3.1.9a (3.1.9a)
\pgf@picminx=\dimen154
\pgf@picmaxx=\dimen155
\pgf@picminy=\dimen156
\pgf@picmaxy=\dimen157
\pgf@pathminx=\dimen158
\pgf@pathmaxx=\dimen159
\pgf@pathminy=\dimen160
\pgf@pathmaxy=\dimen161
\pgf@xx=\dimen162
\pgf@xy=\dimen163
\pgf@yx=\dimen164
\pgf@yy=\dimen165
\pgf@zx=\dimen166
\pgf@zy=\dimen167
)
(c:/texlive/2022/texmf-dist/tex/generic/pgf/basiclayer/pgfcorepathconstruct.cod
e.tex
File: pgfcorepathconstruct.code.tex 2021/05/15 v3.1.9a (3.1.9a)
\pgf@path@lastx=\dimen168
\pgf@path@lasty=\dimen169
)
(c:/texlive/2022/texmf-dist/tex/generic/pgf/basiclayer/pgfcorepathusage.code.te
x
File: pgfcorepathusage.code.tex 2021/05/15 v3.1.9a (3.1.9a)
\pgf@shorten@end@additional=\dimen170
\pgf@shorten@start@additional=\dimen171
)
(c:/texlive/2022/texmf-dist/tex/generic/pgf/basiclayer/pgfcorescopes.code.tex
File: pgfcorescopes.code.tex 2021/05/15 v3.1.9a (3.1.9a)
\pgfpic=\box53
\pgf@hbox=\box54
\pgf@layerbox@main=\box55
\pgf@picture@serial@count=\count272
)
(c:/texlive/2022/texmf-dist/tex/generic/pgf/basiclayer/pgfcoregraphicstate.code
.tex
File: pgfcoregraphicstate.code.tex 2021/05/15 v3.1.9a (3.1.9a)
\pgflinewidth=\dimen172
)
(c:/texlive/2022/texmf-dist/tex/generic/pgf/basiclayer/pgfcoretransformations.c
ode.tex
File: pgfcoretransformations.code.tex 2021/05/15 v3.1.9a (3.1.9a)
\pgf@pt@x=\dimen173
\pgf@pt@y=\dimen174
\pgf@pt@temp=\dimen175
)
(c:/texlive/2022/texmf-dist/tex/generic/pgf/basiclayer/pgfcorequick.code.tex
File: pgfcorequick.code.tex 2021/05/15 v3.1.9a (3.1.9a)
)
(c:/texlive/2022/texmf-dist/tex/generic/pgf/basiclayer/pgfcoreobjects.code.tex
File: pgfcoreobjects.code.tex 2021/05/15 v3.1.9a (3.1.9a)
)
(c:/texlive/2022/texmf-dist/tex/generic/pgf/basiclayer/pgfcorepathprocessing.co
de.tex
File: pgfcorepathprocessing.code.tex 2021/05/15 v3.1.9a (3.1.9a)
)
(c:/texlive/2022/texmf-dist/tex/generic/pgf/basiclayer/pgfcorearrows.code.tex
File: pgfcorearrows.code.tex 2021/05/15 v3.1.9a (3.1.9a)
\pgfarrowsep=\dimen176
)
(c:/texlive/2022/texmf-dist/tex/generic/pgf/basiclayer/pgfcoreshade.code.tex
File: pgfcoreshade.code.tex 2021/05/15 v3.1.9a (3.1.9a)
\pgf@max=\dimen177
\pgf@sys@shading@range@num=\count273
\pgf@shadingcount=\count274
)
(c:/texlive/2022/texmf-dist/tex/generic/pgf/basiclayer/pgfcoreimage.code.tex
File: pgfcoreimage.code.tex 2021/05/15 v3.1.9a (3.1.9a)

(c:/texlive/2022/texmf-dist/tex/generic/pgf/basiclayer/pgfcoreexternal.code.tex
File: pgfcoreexternal.code.tex 2021/05/15 v3.1.9a (3.1.9a)
\pgfexternal@startupbox=\box56
))
(c:/texlive/2022/texmf-dist/tex/generic/pgf/basiclayer/pgfcorelayers.code.tex
File: pgfcorelayers.code.tex 2021/05/15 v3.1.9a (3.1.9a)
)
(c:/texlive/2022/texmf-dist/tex/generic/pgf/basiclayer/pgfcoretransparency.code
.tex
File: pgfcoretransparency.code.tex 2021/05/15 v3.1.9a (3.1.9a)
)
(c:/texlive/2022/texmf-dist/tex/generic/pgf/basiclayer/pgfcorepatterns.code.tex
File: pgfcorepatterns.code.tex 2021/05/15 v3.1.9a (3.1.9a)
) (c:/texlive/2022/texmf-dist/tex/generic/pgf/basiclayer/pgfcorerdf.code.tex
File: pgfcorerdf.code.tex 2021/05/15 v3.1.9a (3.1.9a)
))) (c:/texlive/2022/texmf-dist/tex/generic/pgf/modules/pgfmoduleshapes.code.te
x
File: pgfmoduleshapes.code.tex 2021/05/15 v3.1.9a (3.1.9a)
\pgfnodeparttextbox=\box57
)
(c:/texlive/2022/texmf-dist/tex/generic/pgf/modules/pgfmoduleplot.code.tex
File: pgfmoduleplot.code.tex 2021/05/15 v3.1.9a (3.1.9a)
)
(c:/texlive/2022/texmf-dist/tex/latex/pgf/compatibility/pgfcomp-version-0-65.st
y
Package: pgfcomp-version-0-65 2021/05/15 v3.1.9a (3.1.9a)
\pgf@nodesepstart=\dimen178
\pgf@nodesepend=\dimen179
)
(c:/texlive/2022/texmf-dist/tex/latex/pgf/compatibility/pgfcomp-version-1-18.st
y
Package: pgfcomp-version-1-18 2021/05/15 v3.1.9a (3.1.9a)
)) (c:/texlive/2022/texmf-dist/tex/latex/tools/verbatim.sty
Package: verbatim 2020-07-07 v1.5u LaTeX2e package for verbatim enhancements
\every@verbatim=\toks27
\verbatim@line=\toks28
\verbatim@in@stream=\read4
)
(c:/texlive/2022/texmf-dist/tex/latex/environ/environ.sty
Package: environ 2014/05/04 v0.3 A new way to define environments

(c:/texlive/2022/texmf-dist/tex/latex/trimspaces/trimspaces.sty
Package: trimspaces 2009/09/17 v1.1 Trim spaces around a token list
)
\@envbody=\toks29
)
(c:/texlive/2022/texmf-dist/tex/latex/etoolbox/etoolbox.sty
Package: etoolbox 2020/10/05 v2.5k e-TeX tools for LaTeX (JAW)
\etb@tempcnta=\count275
)
\tcb@titlebox=\box58
\tcb@upperbox=\box59
\tcb@lowerbox=\box60
\tcb@phantombox=\box61
\c@tcbbreakpart=\count276
\c@tcblayer=\count277
\c@tcolorbox@number=\count278
\tcb@temp=\box62
\tcb@temp=\box63
\tcb@temp=\box64
\tcb@temp=\box65
)
(c:/texlive/2022/texmf-dist/tex/latex/listings/listings.sty
\lst@mode=\count279
\lst@gtempboxa=\box66
\lst@token=\toks30
\lst@length=\count280
\lst@currlwidth=\dimen180
\lst@column=\count281
\lst@pos=\count282
\lst@lostspace=\dimen181
\lst@width=\dimen182
\lst@newlines=\count283
\lst@lineno=\count284
\lst@maxwidth=\dimen183

(c:/texlive/2022/texmf-dist/tex/latex/listings/lstmisc.sty
File: lstmisc.sty 2020/03/24 1.8d (Carsten Heinz)
\c@lstnumber=\count285
\lst@skipnumbers=\count286
\lst@framebox=\box67
)
(c:/texlive/2022/texmf-dist/tex/latex/listings/listings.cfg
File: listings.cfg 2020/03/24 1.8d listings configuration
))
Package: listings 2020/03/24 1.8d (Carsten Heinz)

(c:/texlive/2022/texmf-dist/tex/latex/tcolorbox/tcbskins.code.tex
Library (tcolorbox): 'tcbskins.code.tex' version '5.0.2'
(c:/texlive/2022/texmf-dist/tex/latex/pgf/frontendlayer/tikz.sty
(c:/texlive/2022/texmf-dist/tex/latex/pgf/utilities/pgffor.sty
(c:/texlive/2022/texmf-dist/tex/latex/pgf/utilities/pgfkeys.sty
(c:/texlive/2022/texmf-dist/tex/generic/pgf/utilities/pgfkeys.code.tex))
(c:/texlive/2022/texmf-dist/tex/latex/pgf/math/pgfmath.sty
(c:/texlive/2022/texmf-dist/tex/generic/pgf/math/pgfmath.code.tex))
(c:/texlive/2022/texmf-dist/tex/generic/pgf/utilities/pgffor.code.tex
Package: pgffor 2021/05/15 v3.1.9a (3.1.9a)

(c:/texlive/2022/texmf-dist/tex/generic/pgf/math/pgfmath.code.tex)
\pgffor@iter=\dimen184
\pgffor@skip=\dimen185
\pgffor@stack=\toks31
\pgffor@toks=\toks32
))
(c:/texlive/2022/texmf-dist/tex/generic/pgf/frontendlayer/tikz/tikz.code.tex
Package: tikz 2021/05/15 v3.1.9a (3.1.9a)

(c:/texlive/2022/texmf-dist/tex/generic/pgf/libraries/pgflibraryplothandlers.co
de.tex
File: pgflibraryplothandlers.code.tex 2021/05/15 v3.1.9a (3.1.9a)
\pgf@plot@mark@count=\count287
\pgfplotmarksize=\dimen186
)
\tikz@lastx=\dimen187
\tikz@lasty=\dimen188
\tikz@lastxsaved=\dimen189
\tikz@lastysaved=\dimen190
\tikz@lastmovetox=\dimen191
\tikz@lastmovetoy=\dimen192
\tikzleveldistance=\dimen193
\tikzsiblingdistance=\dimen194
\tikz@figbox=\box68
\tikz@figbox@bg=\box69
\tikz@tempbox=\box70
\tikz@tempbox@bg=\box71
\tikztreelevel=\count288
\tikznumberofchildren=\count289
\tikznumberofcurrentchild=\count290
\tikz@fig@count=\count291

(c:/texlive/2022/texmf-dist/tex/generic/pgf/modules/pgfmodulematrix.code.tex
File: pgfmodulematrix.code.tex 2021/05/15 v3.1.9a (3.1.9a)
\pgfmatrixcurrentrow=\count292
\pgfmatrixcurrentcolumn=\count293
\pgf@matrix@numberofcolumns=\count294
)
\tikz@expandcount=\count295

(c:/texlive/2022/texmf-dist/tex/generic/pgf/frontendlayer/tikz/libraries/tikzli
brarytopaths.code.tex
File: tikzlibrarytopaths.code.tex 2021/05/15 v3.1.9a (3.1.9a)
)))
\tcb@waterbox=\box72

(c:/texlive/2022/texmf-dist/tex/latex/tcolorbox/tcbskinsjigsaw.code.tex
Library (tcolorbox): 'tcbskinsjigsaw.code.tex' version '5.0.2'
)) (c:/texlive/2022/texmf-dist/tex/latex/tcolorbox/tcbbreakable.code.tex
Library (tcolorbox): 'tcbbreakable.code.tex' version '5.0.2'
(c:/texlive/2022/texmf-dist/tex/generic/oberdiek/pdfcol.sty
Package: pdfcol 2019/12/29 v1.6 Handle new color stacks for pdfTeX (HO)

(c:/texlive/2022/texmf-dist/tex/generic/ltxcmds/ltxcmds.sty
Package: ltxcmds 2020-05-10 v1.25 LaTeX kernel commands for general use (HO)
)
(c:/texlive/2022/texmf-dist/tex/generic/infwarerr/infwarerr.sty
Package: infwarerr 2019/12/03 v1.5 Providing info/warning/error messages (HO)
)
(c:/texlive/2022/texmf-dist/tex/generic/iftex/iftex.sty
Package: iftex 2022/02/03 v1.0f TeX engine tests
))
Package pdfcol Info: New color stack `tcb@breakable' = 1 on input line 23.
\tcb@testbox=\box73
\tcb@totalupperbox=\box74
\tcb@totallowerbox=\box75
)
(c:/texlive/2022/texmf-dist/tex/latex/tcolorbox/tcblistings.code.tex
Library (tcolorbox): 'tcblistings.code.tex' version '5.0.2'
(c:/texlive/2022/texmf-dist/tex/latex/tcolorbox/tcblistingscore.code.tex
Library (tcolorbox): 'tcblistingscore.code.tex' version '5.0.2'
(c:/texlive/2022/texmf-dist/tex/latex/tcolorbox/tcbprocessing.code.tex
Library (tcolorbox): 'tcbprocessing.code.tex' version '5.0.2'
(c:/texlive/2022/texmf-dist/tex/generic/pdftexcmds/pdftexcmds.sty
Package: pdftexcmds 2020-06-27 v0.33 Utility functions of pdfTeX for LuaTeX (HO
)
Package pdftexcmds Info: \pdf@primitive is available.
Package pdftexcmds Info: \pdf@ifprimitive is available.
Package pdftexcmds Info: \pdfdraftmode found.
)
(c:/texlive/2022/texmf-dist/tex/latex/tools/shellesc.sty
Package: shellesc 2019/11/08 v1.0c unified shell escape interface for LaTeX
Package shellesc Info: Restricted shell escape enabled on input line 77.
))
\c@tcblisting=\count296
))
(c:/texlive/2022/texmf-dist/tex/latex/l3backend/l3backend-pdftex.def
File: l3backend-pdftex.def 2022-04-20 L3 backend support: PDF output (pdfTeX)
\l__color_backend_stack_int=\count297
\l__pdf_internal_box=\box76
)
(./Bioinformatics Lab Book.aux)
\openout1 = `"Bioinformatics Lab Book.aux"'.

LaTeX Font Info:    Checking defaults for OML/cmm/m/it on input line 52.
LaTeX Font Info:    ... okay on input line 52.
LaTeX Font Info:    Checking defaults for OMS/cmsy/m/n on input line 52.
LaTeX Font Info:    ... okay on input line 52.
LaTeX Font Info:    Checking defaults for OT1/cmr/m/n on input line 52.
LaTeX Font Info:    ... okay on input line 52.
LaTeX Font Info:    Checking defaults for T1/cmr/m/n on input line 52.
LaTeX Font Info:    ... okay on input line 52.
LaTeX Font Info:    Checking defaults for TS1/cmr/m/n on input line 52.
LaTeX Font Info:    ... okay on input line 52.
LaTeX Font Info:    Checking defaults for OMX/cmex/m/n on input line 52.
LaTeX Font Info:    ... okay on input line 52.
LaTeX Font Info:    Checking defaults for U/cmr/m/n on input line 52.
LaTeX Font Info:    ... okay on input line 52.

(c:/texlive/2022/texmf-dist/tex/context/base/mkii/supp-pdf.mkii
[Loading MPS to PDF converter (version 2006.09.02).]
\scratchcounter=\count298
\scratchdimen=\dimen195
\scratchbox=\box77
\nofMPsegments=\count299
\nofMParguments=\count300
\everyMPshowfont=\toks33
\MPscratchCnt=\count301
\MPscratchDim=\dimen196
\MPnumerator=\count302
\makeMPintoPDFobject=\count303
\everyMPtoPDFconversion=\toks34
) (c:/texlive/2022/texmf-dist/tex/latex/epstopdf-pkg/epstopdf-base.sty
Package: epstopdf-base 2020-01-24 v2.11 Base part for package epstopdf
Package epstopdf-base Info: Redefining graphics rule for `.eps' on input line 4
85.

(c:/texlive/2022/texmf-dist/tex/latex/latexconfig/epstopdf-sys.cfg
File: epstopdf-sys.cfg 2010/07/13 v1.3 Configuration of (r)epstopdf for TeX Liv
e
))
\c@lstlisting=\count304
LaTeX Font Info:    External font `cmex10' loaded for size
(Font)              <14.4> on input line 54.
LaTeX Font Info:    External font `cmex10' loaded for size
(Font)              <7> on input line 54.
LaTeX Font Info:    External font `cmex10' loaded for size
(Font)              <12> on input line 55.
LaTeX Font Info:    External font `cmex10' loaded for size
(Font)              <8> on input line 55.
LaTeX Font Info:    External font `cmex10' loaded for size
(Font)              <6> on input line 55.
\tcb@out=\write5
\openout5 = `"Bioinformatics Lab Book.listing"'.


(c:/texlive/2022/texmf-dist/tex/latex/listings/lstlang1.sty
File: lstlang1.sty 2020/03/24 1.8d listings language file
)
(c:/texlive/2022/texmf-dist/tex/latex/listings/lstmisc.sty
File: lstmisc.sty 2020/03/24 1.8d (Carsten Heinz)
)
(./Bioinformatics Lab Book.listing) [1

{c:/texlive/2022/texmf-var/fonts/map/pdftex/updmap/pdftex.map}]
\openout5 = `"Bioinformatics Lab Book.listing"'.

 (./Bioinformatics Lab Book.listing
LaTeX Font Info:    Trying to load font information for TS1+cmtt on input line 
4.

(c:/texlive/2022/texmf-dist/tex/latex/base/ts1cmtt.fd
File: ts1cmtt.fd 2019/12/16 v2.5j Standard LaTeX font definitions
))
Overfull \hbox (14.03125pt too wide) in paragraph at lines 92--93
\OT1/cmr/m/n/12 at $\OT1/cmtt/m/n/12 https : / / datadryad . org / stash / data
set / doi : 10 . 5061 / dryad . rf7g5$\OT1/cmr/m/n/12 ). He
 []


Overfull \hbox (36.53741pt too wide) in paragraph at lines 94--96
\OT1/cmtt/m/n/12 sagepub . com / doi / pdf / 10 . 1177 / 1176934318774546$\OT1/
cmr/m/n/12 ) as it is far better-documented
 []


Overfull \hbox (0.87576pt too wide) in paragraph at lines 94--96
\OT1/cmr/m/n/12 than the ``IBA.py''. The tu-to-rial for aTRAM is avail-able at 
$\OT1/cmtt/m/n/12 https : / / github .
 []

[2]
\openout5 = `"Bioinformatics Lab Book.listing"'.

 (./Bioinformatics Lab Book.listing)
Overfull \hbox (17.5502pt too wide) in paragraph at lines 109--110
\OT1/cmtt/m/n/12 tutorials / blob / master / species _ tree _ inference _ with 
_ snp _ data / README .
 []


Overfull \hbox (65.63416pt too wide) in paragraph at lines 114--115
[]\OT1/cmr/m/n/12 Attempted to use ``git clone $\OT1/cmtt/m/n/12 gitclonehttps 
: / / github . com / broadinstitute /
 []

[3]
Overfull \hbox (26.5405pt too wide) in paragraph at lines 118--119
[]\OT1/cmr/m/n/12 On the chance that a col-li-sion be-tween [][]\OT1/cmtt/m/n/1
2 java-service-wrapper-3.5.45
 []


Overfull \hbox (22.6774pt too wide) in paragraph at lines 120--121
\OT1/cmtt/m/n/12 gitlabpages . inria . fr / nix-[]tutorial / first-[]package . 
html$ \OT1/cmr/m/n/12 and $\OT1/cmtt/m/n/12 https :
 []


Overfull \hbox (16.04988pt too wide) in paragraph at lines 120--121
\OT1/cmtt/m/n/12 / / www . reddit . com / r / NixOS / comments / 6nonwh / how _
 do _ you _ use _ wild _
 []


Overfull \hbox (23.36702pt too wide) in paragraph at lines 122--123
[]\OT1/cmr/m/n/12 First, I ob-tained nix-prefetch-git with [][]\OT1/cmtt/m/n/12
 nix-env -i nix-prefetch-git
 []


Overfull \hbox (51.8836pt too wide) in paragraph at lines 123--124
[]\OT1/cmr/m/n/12 Then, I called [][]\OT1/cmtt/m/n/12 nix-prefetch-git https://
github.com/ANGSD/angsd.git
 []


Overfull \hbox (7.99443pt too wide) in paragraph at lines 123--124
[]\OT1/cmr/m/n/12 to get the re-vi-sion ("8c4458904c41dc928bf6276526cbc69542245
88f")
 []


Overfull \hbox (45.00655pt too wide) in paragraph at lines 123--124
\OT1/cmr/m/n/12 and sha256 ("0ns-mykgv8crp5czkx47p6aj01cjki6yp9216cspz9bp6dylq2
z7x")
 []


Overfull \hbox (64.08138pt too wide) in paragraph at lines 131--132
\OT1/cmr/m/n/12 ANGSD is run-ning us-ing the files ``[][]\OT1/cmtt/m/n/12 4.1-B
amFileForANGSD[]\OT1/cmr/m/n/12 '' and ``[][]\OT1/cmtt/m/n/12 4.2-GenotypingANG
SD[]\OT1/cmr/m/n/12 ''.
 []

[4]
\openout5 = `"Bioinformatics Lab Book.listing"'.

 (./Bioinformatics Lab Book.listing)
\openout5 = `"Bioinformatics Lab Book.listing"'.

 (./Bioinformatics Lab Book.listing)
[5]
\openout5 = `"Bioinformatics Lab Book.listing"'.

 (./Bioinformatics Lab Book.listing)
Overfull \hbox (263.78047pt too wide) in paragraph at lines 166--167
\OT1/cmr/m/n/12 stalled a python pro-gram into my ``TOOLS'' di-rec-tory with []
[]\OT1/cmtt/m/n/12 git clone https://github.com/edgardomortiz/vcf2phylip.git[]\
OT1/cmr/m/n/12 .
 []

[6]
Overfull \hbox (2.89917pt too wide) in paragraph at lines 175--176
\OT1/cmr/m/n/12 (``paup4a168[]centos64.gz'') from $\OT1/cmtt/m/n/12 http : / / 
phylosolutions . com / paup-[]test/$\OT1/cmr/m/n/12 .
 []


Overfull \hbox (21.32434pt too wide) in paragraph at lines 175--176
\OT1/cmr/m/n/12 Un-zip-ping this on the clus-ter in its own folder (``/TOOL-S/-
paup4a168[]centos64/'')
 []


Overfull \hbox (120.22066pt too wide) in paragraph at lines 175--176
\OT1/cmr/m/n/12 I ob-tained a sin-gle file called ``paup4a168[]centos64''. By e
x-e-cut-ing [][]\OT1/cmtt/m/n/12 chmod a+x paup4a168_centos64[]\OT1/cmr/m/n/12 
,
 []


Overfull \hbox (37.31226pt too wide) in paragraph at lines 180--181
\OT1/cmr/m/n/12 Following an on-line PAUP tu-to-rial ($\OT1/cmtt/m/n/12 http : 
/ / www . phylosolutions . com / tutorials /
 []

[7]
\openout5 = `"Bioinformatics Lab Book.listing"'.

 (./Bioinformatics Lab Book.listing) [8]
Overfull \hbox (450.1161pt too wide) in paragraph at lines 212--214
\OT1/cmr/m/n/12 SNP data by us-ing [][]\OT1/cmtt/m/n/12 cat /bettik/greenwom/WG
S/Genotypes/coenonympha.min4.nexus > /bettik/greenwom/WGS/Genotypes/coenonympha
_svdquartets.nexus[]\OT1/cmr/m/n/12 .
 []


Overfull \hbox (566.4883pt too wide) in paragraph at lines 212--214
\OT1/cmr/m/n/12 Then, I pulled the meta-data into this file with [][]\OT1/cmtt/
m/n/12 cat /bettik/greenwom/WGS/Genotypes/nexus_metadata.txt >> /bettik/greenwo
m/WGS/Genotypes/coenonympha_svdquartets.nexus[]\OT1/cmr/m/n/12 .
 []


Overfull \hbox (287.84477pt too wide) in paragraph at lines 212--214
\OT1/cmr/m/n/12 amended it by ex-e-cut-ing [][]\OT1/cmtt/m/n/12 sed -i 's/NTAX=
40/NTAX=18/g' /bettik/greenwom/WGS/Genotypes/coenonympha_svdquartets.nexus[]\OT
1/cmr/m/n/12 ,
 []

[9]
\openout5 = `"Bioinformatics Lab Book.listing"'.

 (./Bioinformatics Lab Book.listing)
./Bioinformatics Lab Book.tex:225: Missing $ inserted.
<inserted text> 
                $
l.225 ...did this with \verb!sed -i '/GAP=-/!s/-/_
                                                  /g' /bettik/greenwom/WGS/G...
I've inserted a begin-math/end-math symbol since I think
you left one out. Proceed, with fingers crossed.

./Bioinformatics Lab Book.tex:226: Missing $ inserted.
<inserted text> 
                $
l.226 
      
I've inserted a begin-math/end-math symbol since I think
you left one out. Proceed, with fingers crossed.


Overfull \hbox (212.17809pt too wide) in paragraph at lines 225--226
\OT1/cmr/m/n/12 re-place all hy-phens with [][]\OT1/cmtt/m/n/12 sed -i 's/-/_/g
' /bettik/greenwom/WGS/Genotypes/coenonympha_svdquartets.nexus[]\OT1/cmr/m/n/12
 .
 []


Overfull \hbox (242.59511pt too wide) in paragraph at lines 225--226
\OT1/cmr/m/n/12 names by run-ning [][]\OT1/cmtt/m/n/12 grep -E -o ".{0,5}-.{0,5
}" /bettik/greenwom/WGS/Genotypes/coenonympha_svdquartets.nexus[]\OT1/cmr/m/n/1
2 ,
 []


Overfull \hbox (33.69983pt too wide) in paragraph at lines 225--226
\OT1/cmr/m/it/12 URE OUT HOW TO DIS-CRIM-I-NATE THEM\OT1/cmr/m/n/12 . I did thi
s with [][]\OT1/cmtt/m/n/12 sed -i '/GAP=-/[]\OT1/cmr/m/n/12 s/-
 []


Overfull \hbox (419.62257pt too wide) in paragraph at lines 225--226
\OT1/cmr/m/n/12 /$[]\OML/cmm/m/it/12 g[]=bettik=greenwom=WGS=Genotypes=coenonym
pha[]vdquartets:nexus\OT1/cmr/m/n/12 !\OML/cmm/m/it/12 ; whichcovertshyphenstou
nderscoresunlessahyphenispresentinthestring\OT1/cmr/m/n/12 \\OML/cmm/m/it/12 GA
P \OT1/cmr/m/n/12 =
 []

[10] [11]
Overfull \hbox (3.64185pt too wide) in paragraph at lines 247--248
\OT1/cmr/m/n/12 (bases 380726-386973), and 961 (bases 379704-380664) to the mtD
NA genome.
 []

[12]
Overfull \hbox (132.20026pt too wide) in paragraph at lines 257--258
\OT1/cmtt/m/n/12 learning / population-[]and-[]speciation-[]genomics / 2020-[]p
opulation-[]and-[]speciation-[]genomics /
 []


Overfull \hbox (8.43967pt too wide) in paragraph at lines 259--260
[]\OT1/cmr/m/n/12 Upon ex-e-cut-ing the XML file in BEAST, I get the fol-low-in
g er-ror: \OT1/cmtt/m/n/12 WARNING:
 []


Overfull \hbox (17.5502pt too wide) in paragraph at lines 259--260
\OT1/cmtt/m/n/12 there is a sequence with a state count larger than 2. If this 
XML
 []


Overfull \hbox (17.5502pt too wide) in paragraph at lines 259--260
\OT1/cmtt/m/n/12 file was generated with BEAUti, this is most likely wrong. To 
fix
 []


Overfull \hbox (5.2002pt too wide) in paragraph at lines 259--260
\OT1/cmtt/m/n/12 this, change totalcount in the XML to 2 for binary sequences, 
or
 []


Overfull \hbox (50.43365pt too wide) in paragraph at lines 259--260
\OT1/cmtt/m/n/12 3 for diploid data.\OT1/cmr/m/n/12 . Ac-cord-ing to $\OT1/cmtt
/m/n/12 https : / / groups . google . com / g / beast-[]users /
 []

[13] [14]
<Images/alignment_workflow.PNG, id=59, 869.649pt x 484.51013pt>
File: Images/alignment_workflow.PNG Graphic file (type png)
<use Images/alignment_workflow.PNG>
Package pdftex.def Info: Images/alignment_workflow.PNG  used on input line 280.

(pdftex.def)             Requested size: 306.42525pt x 170.71652pt.
\openout5 = `"Bioinformatics Lab Book.listing"'.

 (./Bioinformatics Lab Book.listing) [15 <./Images/alignment_workflow.PNG>]
Overfull \hbox (1.59732pt too wide) in paragraph at lines 293--294
[]\OT1/cmr/m/n/12 To see if the con-sen-sus con-truc-tion, vari-ant in-ser-tion
, and mask-ing worked,
 []

<Images/SeaViewMSA_1.PNG, id=65, 1123.49738pt x 281.25075pt>
File: Images/SeaViewMSA_1.PNG Graphic file (type png)
<use Images/SeaViewMSA_1.PNG>
Package pdftex.def Info: Images/SeaViewMSA_1.PNG  used on input line 299.
(pdftex.def)             Requested size: 454.61966pt x 113.81102pt.

Overfull \hbox (64.61966pt too wide) in paragraph at lines 299--300
 [][] 
 []


LaTeX Warning: `!h' float specifier changed to `!ht'.

<Images/SeaViewMSA_2.PNG, id=66, 1124.40076pt x 283.35863pt>
File: Images/SeaViewMSA_2.PNG Graphic file (type png)
<use Images/SeaViewMSA_2.PNG>
Package pdftex.def Info: Images/SeaViewMSA_2.PNG  used on input line 305.
(pdftex.def)             Requested size: 451.62244pt x 113.81102pt.

Overfull \hbox (61.62244pt too wide) in paragraph at lines 305--306
 [][] 
 []


LaTeX Warning: `!h' float specifier changed to `!ht'.

<Images/SeaViewMSA_3.PNG, id=67, 1126.2075pt x 282.45525pt>
File: Images/SeaViewMSA_3.PNG Graphic file (type png)
<use Images/SeaViewMSA_3.PNG>
Package pdftex.def Info: Images/SeaViewMSA_3.PNG  used on input line 311.
(pdftex.def)             Requested size: 453.77446pt x 113.81102pt.

Overfull \hbox (63.77446pt too wide) in paragraph at lines 311--312
 [][] 
 []


LaTeX Warning: `!h' float specifier changed to `!ht'.


Overfull \hbox (52.58437pt too wide) in paragraph at lines 315--316
\OT1/cmr/m/n/12 ``7.1-PrepareFileStructureForAlignments.sh'', ``7.2-PrepareBEDF
ileForAlignments.sh'',
 []


Overfull \hbox (423.5506pt too wide) in paragraph at lines 317--318
\OT1/cmr/m/n/12 sub-sidiary files us-ing [][]\OT1/cmtt/m/n/12 head -n 50 /betti
k/greenwom/WGS/Alignments/scaffold_list.txt >/bettik/greenwom/WGS/Alignments/sc
affold_list_p1.txt[]\OT1/cmr/m/n/12 ,
 []


Overfull \hbox (403.66425pt too wide) in paragraph at lines 317--318
[][]\OT1/cmtt/m/n/12 head -n 100 /bettik/greenwom/WGS/Alignments/scaffold_list.
txt | tail -n 50 >/bettik/greenwom/WGS/Alignments/scaffold_list_p2.txt[]\OT1/cm
r/m/n/12 ,
 []


Overfull \hbox (335.49179pt too wide) in paragraph at lines 317--318
\OT1/cmr/m/n/12 and [][]\OT1/cmtt/m/n/12 tail -n 10 /bettik/greenwom/WGS/Alignm
ents/scaffold_list.txt >/bettik/greenwom/WGS/Alignments/scaffold_list_p3.txt
 []


Underfull \hbox (badness 10000) in paragraph at lines 317--318

 []

[16]

LaTeX Warning: Text page 17 contains only floats.

[17 <./Images/SeaViewMSA_1.PNG> <./Images/SeaViewMSA_2.PNG> <./Images/SeaViewMS
A_3.PNG>]
Overfull \hbox (2.13428pt too wide) in paragraph at lines 325--326
\OT1/cmr/m/n/12 (from $\OT1/cmtt/m/n/12 https : / / www . ncbi . nlm . nih . go
v / assembly / GCF _ 018555315 . 1/$\OT1/cmr/m/n/12 ), un-
 []

[18]
\openout5 = `"Bioinformatics Lab Book.listing"'.

 (./Bioinformatics Lab Book.listing)
Overfull \hbox (278.38358pt too wide) in paragraph at lines 337--341
\OT1/cmtt/m/n/12 stackoverflow . com / questions / 37053780 / iterate-[]over-[]
arguments-[]in-[]a-[]bash-[]script-[]and-[]make-[]use-[]of-[]their-[]numbers$\O
T1/cmr/m/n/12 ). 
 []

[19] [20]
\openout5 = `"Bioinformatics Lab Book.listing"'.

 (./Bioinformatics Lab Book.listing)
<Images/number_of_applied_variants.PNG, id=88, 888.31876pt x 442.35263pt>
File: Images/number_of_applied_variants.PNG Graphic file (type png)
<use Images/number_of_applied_variants.PNG>
Package pdftex.def Info: Images/number_of_applied_variants.PNG  used on input l
ine 362.
(pdftex.def)             Requested size: 342.82384pt x 170.71652pt.

Underfull \hbox (badness 2875) in paragraph at lines 363--363
[]\OT1/cmr/m/n/12 Figure 5: His-togram of the num-ber of geno-typed vari-ants r
e-cov-
 []


Underfull \hbox (badness 2343) in paragraph at lines 363--363
\OT1/cmr/m/n/12 ered per species. Graphic con-structed with the R script, ``gen
o-
 []

[21 <./Images/number_of_applied_variants.PNG>]

LaTeX Warning: Citation `link2017' on page 22 undefined on input line 370.


LaTeX Warning: Citation `duchen2020' on page 22 undefined on input line 370.


./Bioinformatics Lab Book.tex:378: LaTeX Error: Environment listing undefined.

See the LaTeX manual or LaTeX Companion for explanation.
Type  H <return>  for immediate help.
 ...                                              
                                                  
l.378 \begin{listing}
                     
Your command was ignored.
Type  I <command> <return>  to replace it with another command,
or  <return>  to continue without it.


./Bioinformatics Lab Book.tex:379: LaTeX Error: Environment minted undefined.

See the LaTeX manual or LaTeX Companion for explanation.
Type  H <return>  for immediate help.
 ...                                              
                                                  
l.379     \begin{minted}
                        {Python}
Your command was ignored.
Type  I <command> <return>  to replace it with another command,
or  <return>  to continue without it.

./Bioinformatics Lab Book.tex:380: Missing $ inserted.
<inserted text> 
                $
l.380         def hello_
                        world():
I've inserted a begin-math/end-math symbol since I think
you left one out. Proceed, with fingers crossed.


./Bioinformatics Lab Book.tex:382: LaTeX Error: \begin{document} ended by \end{
minted}.

See the LaTeX manual or LaTeX Companion for explanation.
Type  H <return>  for immediate help.
 ...                                              
                                                  
l.382     \end{minted}
                      
Your command was ignored.
Type  I <command> <return>  to replace it with another command,
or  <return>  to continue without it.

./Bioinformatics Lab Book.tex:382: Missing $ inserted.
<inserted text> 
                $
l.382     \end{minted}
                      
I've inserted something that you may have forgotten.
(See the <inserted text> above.)
With luck, this will get me unwedged. But if you
really didn't forget anything, try typing `2' now; then
my insertion and my current dilemma will both disappear.


./Bioinformatics Lab Book.tex:383: LaTeX Error: \caption outside float.

See the LaTeX manual or LaTeX Companion for explanation.
Type  H <return>  for immediate help.
 ...                                              
                                                  
l.383     \caption
                  {Floating listing.}
You're in trouble here.  Try typing  <return>  to proceed.
If that doesn't work, type  X <return>  to quit.


./Bioinformatics Lab Book.tex:385: LaTeX Error: \begin{document} ended by \end{
listing}.

See the LaTeX manual or LaTeX Companion for explanation.
Type  H <return>  for immediate help.
 ...                                              
                                                  
l.385 \end{listing}
                   
Your command was ignored.
Type  I <command> <return>  to replace it with another command,
or  <return>  to continue without it.

(./Bioinformatics Lab Book.bbl [22]
Underfull \hbox (badness 1163) in paragraph at lines 24--29
[]\OT1/cmr/m/sc/12 Capella-Guti[]errez, S., Silla-Mart[]^^Pnez, J. M., and Ga-
 []

[23

]) [24] (./Bioinformatics Lab Book.aux)

LaTeX Warning: There were undefined references.

 ) 
Here is how much of TeX's memory you used:
 18460 strings out of 478305
 389782 string characters out of 5849247
 981367 words of memory out of 5000000
 36321 multiletter control sequences out of 15000+600000
 476207 words of font info for 51 fonts, out of 8000000 for 9000
 1141 hyphenation exceptions out of 8191
 99i,7n,104p,1243b,1711s stack positions out of 10000i,1000n,20000p,200000b,200000s
{c:/texlive/2022/texmf-dist/fonts/enc/dvips/cm-super/cm-super-ts1.enc}<c:/tex
live/2022/texmf-dist/fonts/type1/public/amsfonts/cm/cmbx12.pfb><c:/texlive/2022
/texmf-dist/fonts/type1/public/amsfonts/cm/cmbxti10.pfb><c:/texlive/2022/texmf-
dist/fonts/type1/public/amsfonts/cm/cmcsc10.pfb><c:/texlive/2022/texmf-dist/fon
ts/type1/public/amsfonts/cm/cmmi12.pfb><c:/texlive/2022/texmf-dist/fonts/type1/
public/amsfonts/cm/cmmi8.pfb><c:/texlive/2022/texmf-dist/fonts/type1/public/ams
fonts/cm/cmr12.pfb><c:/texlive/2022/texmf-dist/fonts/type1/public/amsfonts/cm/c
msy10.pfb><c:/texlive/2022/texmf-dist/fonts/type1/public/amsfonts/cm/cmsy8.pfb>
<c:/texlive/2022/texmf-dist/fonts/type1/public/amsfonts/cm/cmti12.pfb><c:/texli
ve/2022/texmf-dist/fonts/type1/public/amsfonts/cm/cmtt12.pfb><c:/texlive/2022/t
exmf-dist/fonts/type1/public/cm-super/sftt1200.pfb>
Output written on "Bioinformatics Lab Book.pdf" (24 pages, 915463 bytes).
PDF statistics:
 151 PDF objects out of 1000 (max. 8388607)
 92 compressed objects within 1 object stream
 0 named destinations out of 1000 (max. 500000)
 38 words of extra memory for PDF output out of 10000 (max. 10000000)

